<?xml version="1.0" encoding="UTF-8"?>
<!-- Generated by org.testng.reporters.JUnitReportReporter -->
<testsuite hostname="PRINHYLTPDL0819" name="hackathon.demo.TestBase" tests="1" failures="0" timestamp="24 Oct 2018 04:31:09 GMT" time="0.016" errors="0">
  <testcase name="TestApp" time="0.016" classname="hackathon.demo.TestBase"/>
</testsuite> <!-- hackathon.demo.TestBase -->
